GROUP,PACKAGE,CLASS,INSTRUCTION_MISSED,INSTRUCTION_COVERED,BRANCH_MISSED,BRANCH_COVERED,LINE_MISSED,LINE_COVERED,COMPLEXITY_MISSED,COMPLEXITY_COVERED,METHOD_MISSED,METHOD_COVERED
Maven Plugin,org.revapi.maven,Props.expandProperties,3,0,0,0,1,0,1,0,1,0
Maven Plugin,org.revapi.maven,Props.useBuildConfiguration,3,0,0,0,1,0,1,0,1,0
Maven Plugin,org.revapi.maven,MavenArchive.Empty,0,10,0,0,0,3,0,2,0,2
Maven Plugin,org.revapi.maven,AbstractVersionModifyingMojo,197,725,20,62,34,166,22,33,3,10
Maven Plugin,org.revapi.maven,MavenArchive,43,94,5,9,6,21,7,9,2,7
Maven Plugin,org.revapi.maven,Props.disallowedExtensionsInVersioning,3,0,0,0,1,0,1,0,1,0
Maven Plugin,org.revapi.maven,Props.convertPomXml,3,0,0,0,1,0,1,0,1,0
Maven Plugin,org.revapi.maven,Props.checkDependencies,3,0,0,0,1,0,1,0,1,0
Maven Plugin,org.revapi.maven,ReportAggregateMojo,79,584,34,42,18,126,33,26,1,20
Maven Plugin,org.revapi.maven,XmlSuggestionsBuilder,66,0,2,0,18,0,11,0,10,0
Maven Plugin,org.revapi.maven,Props.analysisConfiguration,3,0,0,0,1,0,1,0,1,0
Maven Plugin,org.revapi.maven,Props.failCriticality,3,0,0,0,1,0,1,0,1,0
Maven Plugin,org.revapi.maven,AbstractSuggestionsBuilder,13,163,5,17,3,36,5,8,0,2
Maven Plugin,org.revapi.maven,Props.resolveProvidedDependencies,3,0,0,0,1,0,1,0,1,0
Maven Plugin,org.revapi.maven,Props.failBuildOnProblemsFound,3,0,0,0,1,0,1,0,1,0
Maven Plugin,org.revapi.maven,Props.versionFormat,3,0,0,0,1,0,1,0,1,0
Maven Plugin,org.revapi.maven,ConfigurationFile,27,24,0,0,2,10,1,7,1,7
Maven Plugin,org.revapi.maven,HelpMojo,893,0,110,0,159,0,71,0,16,0
Maven Plugin,org.revapi.maven,Props.preserveNewerVersion,3,0,0,0,1,0,1,0,1,0
Maven Plugin,org.revapi.maven,Props.failOnMissingConfigurationFiles,3,0,0,0,1,0,1,0,1,0
Maven Plugin,org.revapi.maven,Props.forceVersionUpdate,3,0,0,0,1,0,1,0,1,0
Maven Plugin,org.revapi.maven,Analyzer.MarkerException,4,5,0,0,2,2,1,1,1,1
Maven Plugin,org.revapi.maven,Props.disallowedExtensions,3,0,0,0,1,0,1,0,1,0
Maven Plugin,org.revapi.maven,Props.promotedDependencies,3,0,0,0,1,0,1,0,1,0
Maven Plugin,org.revapi.maven,Props.oldArtifacts,3,0,0,0,1,0,1,0,1,0
Maven Plugin,org.revapi.maven,FailSeverity,9,53,3,2,3,5,3,3,0,2
Maven Plugin,org.revapi.maven,Props.failSeverity,3,0,0,0,1,0,1,0,1,0
Maven Plugin,org.revapi.maven,PropertyValueResolver.new AbstractValueSource() {...},12,10,2,0,3,1,2,1,1,1
Maven Plugin,org.revapi.maven,PropertyValueResolver.new AbstractValueSource() {...},10,10,2,0,3,1,2,1,1,1
Maven Plugin,org.revapi.maven,Analyzer,229,711,29,49,36,148,24,34,1,18
Maven Plugin,org.revapi.maven,Props.oldVersion,3,0,0,0,1,0,1,0,1,0
Maven Plugin,org.revapi.maven,ConvertToXmlConfigMojo.SilentReporter,1,5,0,0,1,2,1,2,1,2
Maven Plugin,org.revapi.maven,ReportForkMojo,3,0,0,0,1,0,1,0,1,0
Maven Plugin,org.revapi.maven,Props.ignoreSuggestionsFormat,3,0,0,0,1,0,1,0,1,0
Maven Plugin,org.revapi.maven,Props.skip,3,0,0,0,1,0,1,0,1,0
Maven Plugin,org.revapi.maven,UpdateReleasePropertiesMojo,148,0,4,0,33,0,8,0,6,0
Maven Plugin,org.revapi.maven,BuildTimeReporter.SuggestionBuilderContext,0,15,0,0,0,3,0,3,0,3
Maven Plugin,org.revapi.maven,Props.convertAnalysisConfigurationFiles,3,0,0,0,1,0,1,0,1,0
Maven Plugin,org.revapi.maven,SchemaDrivenJSONToXmlConverter.ConversionContext,2,53,2,4,1,13,2,4,0,3
Maven Plugin,org.revapi.maven,Props.newVersion,3,0,0,0,1,0,1,0,1,0
Maven Plugin,org.revapi.maven,ReportTimeReporter.DifferenceReport,0,12,0,0,0,5,0,1,0,1
Maven Plugin,org.revapi.maven,Props.ignoreSuggestionsFile,3,0,0,0,1,0,1,0,1,0
Maven Plugin,org.revapi.maven,ApiChangeLevel,0,34,0,0,0,2,0,1,0,1
Maven Plugin,org.revapi.maven,Props.newPromotedDependencies,3,0,0,0,1,0,1,0,1,0
Maven Plugin,org.revapi.maven,Props.alwaysCheckForReleaseVersion,3,0,0,0,1,0,1,0,1,0
Maven Plugin,org.revapi.maven,Props.reportSeverity,3,0,0,0,1,0,1,0,1,0
Maven Plugin,org.revapi.maven,Props.oldPromotedDependencies,3,0,0,0,1,0,1,0,1,0
Maven Plugin,org.revapi.maven,PropertyValueResolver,161,252,34,15,47,57,26,11,2,6
Maven Plugin,org.revapi.maven,Props.newArtifacts,3,0,0,0,1,0,1,0,1,0
Maven Plugin,org.revapi.maven,Props.failOnUnresolvedDependencies,3,0,0,0,1,0,1,0,1,0
Maven Plugin,org.revapi.maven,AnalysisConfigurationGatherer,112,504,14,62,22,117,12,39,0,13
Maven Plugin,org.revapi.maven,Props.analysisConfigurationFiles,3,0,0,0,1,0,1,0,1,0
Maven Plugin,org.revapi.maven,AbstractVersionModifyingMojo.AnalysisResults,0,9,0,0,0,4,0,1,0,1
Maven Plugin,org.revapi.maven,ValidateConfigurationMojo,72,22,7,1,11,6,5,2,1,2
Maven Plugin,org.revapi.maven,ValidateConfigurationMojo.ValidateReporter,1,5,0,0,1,2,1,2,1,2
Maven Plugin,org.revapi.maven,ConvertToXmlConfigMojo,66,422,12,22,21,107,12,17,1,11
Maven Plugin,org.revapi.maven,PipelineConfigurationParser,163,92,18,10,25,19,15,7,1,4
Maven Plugin,org.revapi.maven,Props,3,0,0,0,1,0,1,0,1,0
Maven Plugin,org.revapi.maven,CheckMojo,64,204,14,13,10,35,13,5,1,3
Maven Plugin,org.revapi.maven,Props.outputNonIdentifyingDifferenceInfo,3,0,0,0,1,0,1,0,1,0
Maven Plugin,org.revapi.maven,Props.singleVersionForAllModules,3,0,0,0,1,0,1,0,1,0
Maven Plugin,org.revapi.maven,PropertyValueResolver.new AbstractValueSource() {...},10,10,2,0,3,1,2,1,1,1
Maven Plugin,org.revapi.maven,AnalyzerBuilder,14,421,7,21,5,103,8,42,1,35
Maven Plugin,org.revapi.maven,Props.resolveTransitiveProvidedDependencies,3,0,0,0,1,0,1,0,1,0
Maven Plugin,org.revapi.maven,ReportMojo,80,588,24,28,18,156,21,24,0,19
Maven Plugin,org.revapi.maven,UpdateVersionsMojo,0,9,0,0,0,4,0,1,0,1
Maven Plugin,org.revapi.maven,XmlUtil,16,277,7,49,6,59,7,29,0,7
Maven Plugin,org.revapi.maven,SchemaDrivenJSONToXmlConverter,281,384,37,40,58,88,29,24,2,10
Maven Plugin,org.revapi.maven,ApiBreakageHintingReporter,1,61,1,9,1,18,1,11,0,7
Maven Plugin,org.revapi.maven,CheckForkMojo,3,0,0,0,1,0,1,0,1,0
Maven Plugin,org.revapi.maven,Props.pipelineConfiguration,3,0,0,0,1,0,1,0,1,0
Maven Plugin,org.revapi.maven,PromotedDependency,44,93,8,12,15,18,16,8,8,6
Maven Plugin,org.revapi.maven,Props.failOnUnresolvedArtifacts,3,0,0,0,1,0,1,0,1,0
Maven Plugin,org.revapi.maven,BuildTimeReporter,26,275,14,36,4,55,13,24,0,12
Maven Plugin,org.revapi.maven,Props.outputIgnoreSuggestions,3,0,0,0,1,0,1,0,1,0
Maven Plugin,org.revapi.maven,JsonSuggestionsBuilder,72,102,11,9,21,30,11,13,0,11
Maven Plugin,org.revapi.maven,MavenArchive.Empty.new InputStream() {...},0,8,0,0,0,2,0,2,0,2
Maven Plugin,org.revapi.maven,Version,36,175,8,24,9,43,10,22,2,14
Maven Plugin,org.revapi.maven,Props.generateSiteReport,3,0,0,0,1,0,1,0,1,0
Maven Plugin,org.revapi.maven,ReportTimeReporter,0,117,0,10,0,26,0,12,0,7
Maven Plugin,org.revapi.maven,AbstractRevapiMojo,71,402,16,26,10,85,17,18,2,12
Maven Plugin,org.revapi.maven,Props.reportCriticality,3,0,0,0,1,0,1,0,1,0
